<?xml version="1.0" encoding="UTF-8"?>
<testsuite xmlns:xsi="http://www.w3.org/2001/XMLSchema-instance" xsi:noNamespaceSchemaLocation="https://maven.apache.org/surefire/maven-surefire-plugin/xsd/surefire-test-report-3.0.xsd" version="3.0" name="edu.me.data.TestData" time="0.369" tests="1" errors="0" skipped="0" failures="1">
  <properties>
    <property name="java.specification.version" value="17"/>
    <property name="sun.jnu.encoding" value="UTF-8"/>
    <property name="java.class.path" value="/home/gg/eclipse-workspace/PeerChatApp/target/test-classes:/home/gg/eclipse-workspace/PeerChatApp/target/classes:/home/gg/.m2/repository/org/openjfx/javafx-controls/20.0.1/javafx-controls-20.0.1.jar:/home/gg/.m2/repository/org/openjfx/javafx-controls/20.0.1/javafx-controls-20.0.1-linux.jar:/home/gg/.m2/repository/org/openjfx/javafx-graphics/20.0.1/javafx-graphics-20.0.1.jar:/home/gg/.m2/repository/org/openjfx/javafx-graphics/20.0.1/javafx-graphics-20.0.1-linux.jar:/home/gg/.m2/repository/org/openjfx/javafx-base/20.0.1/javafx-base-20.0.1.jar:/home/gg/.m2/repository/org/openjfx/javafx-base/20.0.1/javafx-base-20.0.1-linux.jar:/home/gg/.m2/repository/org/openjfx/javafx-fxml/20.0.1/javafx-fxml-20.0.1.jar:/home/gg/.m2/repository/org/openjfx/javafx-fxml/20.0.1/javafx-fxml-20.0.1-linux.jar:/home/gg/.m2/repository/org/apache/logging/log4j/log4j-api/2.20.0/log4j-api-2.20.0.jar:/home/gg/.m2/repository/org/apache/logging/log4j/log4j-core/2.20.0/log4j-core-2.20.0.jar:/home/gg/.m2/repository/org/junit/jupiter/junit-jupiter-engine/5.10.0/junit-jupiter-engine-5.10.0.jar:/home/gg/.m2/repository/org/junit/platform/junit-platform-engine/1.10.0/junit-platform-engine-1.10.0.jar:/home/gg/.m2/repository/org/opentest4j/opentest4j/1.3.0/opentest4j-1.3.0.jar:/home/gg/.m2/repository/org/junit/platform/junit-platform-commons/1.10.0/junit-platform-commons-1.10.0.jar:/home/gg/.m2/repository/org/junit/jupiter/junit-jupiter-api/5.10.0/junit-jupiter-api-5.10.0.jar:/home/gg/.m2/repository/org/apiguardian/apiguardian-api/1.1.2/apiguardian-api-1.1.2.jar:"/>
    <property name="java.vm.vendor" value="Eclipse Adoptium"/>
    <property name="sun.arch.data.model" value="64"/>
    <property name="java.vendor.url" value="https://adoptium.net/"/>
    <property name="user.timezone" value="Europe/Berlin"/>
    <property name="os.name" value="Linux"/>
    <property name="java.vm.specification.version" value="17"/>
    <property name="sun.java.launcher" value="SUN_STANDARD"/>
    <property name="user.country" value="DE"/>
    <property name="sun.boot.library.path" value="/opt/eclipse/plugins/org.eclipse.justj.openjdk.hotspot.jre.full.linux.x86_64_17.0.8.v20230831-1047/jre/lib"/>
    <property name="sun.java.command" value="/home/gg/eclipse-workspace/PeerChatApp/target/surefire/surefirebooter-20230916085057239_3.jar /home/gg/eclipse-workspace/PeerChatApp/target/surefire 2023-09-16T08-50-57_148-jvmRun1 surefire-20230916085057239_1tmp surefire_0-20230916085057239_2tmp"/>
    <property name="jdk.debug" value="release"/>
    <property name="surefire.test.class.path" value="/home/gg/eclipse-workspace/PeerChatApp/target/test-classes:/home/gg/eclipse-workspace/PeerChatApp/target/classes:/home/gg/.m2/repository/org/openjfx/javafx-controls/20.0.1/javafx-controls-20.0.1.jar:/home/gg/.m2/repository/org/openjfx/javafx-controls/20.0.1/javafx-controls-20.0.1-linux.jar:/home/gg/.m2/repository/org/openjfx/javafx-graphics/20.0.1/javafx-graphics-20.0.1.jar:/home/gg/.m2/repository/org/openjfx/javafx-graphics/20.0.1/javafx-graphics-20.0.1-linux.jar:/home/gg/.m2/repository/org/openjfx/javafx-base/20.0.1/javafx-base-20.0.1.jar:/home/gg/.m2/repository/org/openjfx/javafx-base/20.0.1/javafx-base-20.0.1-linux.jar:/home/gg/.m2/repository/org/openjfx/javafx-fxml/20.0.1/javafx-fxml-20.0.1.jar:/home/gg/.m2/repository/org/openjfx/javafx-fxml/20.0.1/javafx-fxml-20.0.1-linux.jar:/home/gg/.m2/repository/org/apache/logging/log4j/log4j-api/2.20.0/log4j-api-2.20.0.jar:/home/gg/.m2/repository/org/apache/logging/log4j/log4j-core/2.20.0/log4j-core-2.20.0.jar:/home/gg/.m2/repository/org/junit/jupiter/junit-jupiter-engine/5.10.0/junit-jupiter-engine-5.10.0.jar:/home/gg/.m2/repository/org/junit/platform/junit-platform-engine/1.10.0/junit-platform-engine-1.10.0.jar:/home/gg/.m2/repository/org/opentest4j/opentest4j/1.3.0/opentest4j-1.3.0.jar:/home/gg/.m2/repository/org/junit/platform/junit-platform-commons/1.10.0/junit-platform-commons-1.10.0.jar:/home/gg/.m2/repository/org/junit/jupiter/junit-jupiter-api/5.10.0/junit-jupiter-api-5.10.0.jar:/home/gg/.m2/repository/org/apiguardian/apiguardian-api/1.1.2/apiguardian-api-1.1.2.jar:"/>
    <property name="sun.cpu.endian" value="little"/>
    <property name="user.home" value="/home/gg"/>
    <property name="user.language" value="de"/>
    <property name="java.specification.vendor" value="Oracle Corporation"/>
    <property name="java.version.date" value="2023-08-24"/>
    <property name="java.home" value="/opt/eclipse/plugins/org.eclipse.justj.openjdk.hotspot.jre.full.linux.x86_64_17.0.8.v20230831-1047/jre"/>
    <property name="file.separator" value="/"/>
    <property name="style.color" value="always"/>
    <property name="basedir" value="/home/gg/eclipse-workspace/PeerChatApp"/>
    <property name="java.vm.compressedOopsMode" value="Zero based"/>
    <property name="line.separator" value="&#10;"/>
    <property name="java.vm.specification.vendor" value="Oracle Corporation"/>
    <property name="java.specification.name" value="Java Platform API Specification"/>
    <property name="surefire.real.class.path" value="/home/gg/eclipse-workspace/PeerChatApp/target/surefire/surefirebooter-20230916085057239_3.jar"/>
    <property name="sun.management.compiler" value="HotSpot 64-Bit Tiered Compilers"/>
    <property name="java.runtime.version" value="17.0.8.1+1"/>
    <property name="user.name" value="gg"/>
    <property name="path.separator" value=":"/>
    <property name="os.version" value="6.2.0-32-generic"/>
    <property name="java.runtime.name" value="OpenJDK Runtime Environment"/>
    <property name="file.encoding" value="UTF-8"/>
    <property name="java.vm.name" value="OpenJDK 64-Bit Server VM"/>
    <property name="java.vendor.version" value="Temurin-17.0.8.1+1"/>
    <property name="localRepository" value="/home/gg/.m2/repository"/>
    <property name="java.vendor.url.bug" value="https://github.com/adoptium/adoptium-support/issues"/>
    <property name="java.io.tmpdir" value="/tmp"/>
    <property name="java.version" value="17.0.8.1"/>
    <property name="user.dir" value="/home/gg/eclipse-workspace/PeerChatApp"/>
    <property name="os.arch" value="amd64"/>
    <property name="java.vm.specification.name" value="Java Virtual Machine Specification"/>
    <property name="native.encoding" value="UTF-8"/>
    <property name="java.library.path" value="/usr/java/packages/lib:/usr/lib64:/lib64:/lib:/usr/lib"/>
    <property name="java.vm.info" value="mixed mode"/>
    <property name="java.vendor" value="Eclipse Adoptium"/>
    <property name="java.vm.version" value="17.0.8.1+1"/>
    <property name="sun.io.unicode.encoding" value="UnicodeLittle"/>
    <property name="java.class.version" value="61.0"/>
  </properties>
  <testcase name="MessageCreationTest" classname="edu.me.data.TestData" time="0.347">
    <failure message="haha" type="org.opentest4j.AssertionFailedError"><![CDATA[org.opentest4j.AssertionFailedError: haha
	at org.junit.jupiter.api.AssertionUtils.fail(AssertionUtils.java:38)
	at org.junit.jupiter.api.Assertions.fail(Assertions.java:134)
	at edu.me.data.TestData.MessageCreationTest(TestData.java:15)
	at java.base/java.lang.reflect.Method.invoke(Method.java:568)
	at java.base/java.util.ArrayList.forEach(ArrayList.java:1511)
	at java.base/java.util.ArrayList.forEach(ArrayList.java:1511)
]]></failure>
    <system-out><![CDATA[Testtext
2023-09-16T08:50:57.996214979
gg-WS/127.0.1.1
]]></system-out>
  </testcase>
</testsuite>